<?xml version="1.0" encoding="UTF-8"?>
<!-- Generated by org.testng.reporters.JUnitReportReporter -->
<testsuite hostname="DVT-SM" failures="0" tests="1" name="com.maven.mavenproject.tests.NavigateToHomePageTest" time="0.011" errors="0" timestamp="2021-07-13T21:13:18 CAT" skipped="0">
  <testcase classname="com.maven.mavenproject.tests.NavigateToHomePageTest" name="f" time="0.011"/>
  <system-out/>
</testsuite> <!-- com.maven.mavenproject.tests.NavigateToHomePageTest -->
